<?xml version="1.0" encoding="UTF-8"?>
<!-- Generated by org.testng.reporters.JUnitReportReporter -->
<testsuite skipped="0" hostname="LAPTOP-J3NNQ1VU" name="com.testcase.KeyboardHandling" tests="1" failures="0" timestamp="09 Jun 2020 21:05:09 GMT" time="6.054" errors="0">
  <testcase name="login" time="6.054" classname="com.testcase.KeyboardHandling"/>
</testsuite> <!-- com.testcase.KeyboardHandling -->
