<?xml version="1.0" encoding="UTF-8"?>
<!-- Generated by org.testng.reporters.JUnitReportReporter -->
<testsuite skipped="0" hostname="LAPTOP-J3NNQ1VU" name="com.TestNG.Prioritytestcase" tests="3" failures="0" timestamp="04 Jun 2020 05:33:53 GMT" time="0.002" errors="0">
  <testcase name="testcase3" time="0.002" classname="com.TestNG.Prioritytestcase"/>
  <testcase name="testcase1" time="0.000" classname="com.TestNG.Prioritytestcase"/>
  <testcase name="testcase2" time="0.000" classname="com.TestNG.Prioritytestcase"/>
</testsuite> <!-- com.TestNG.Prioritytestcase -->
