<?xml version="1.0" encoding="UTF-8"?>
<!-- Generated by org.testng.reporters.JUnitReportReporter -->
<testsuite skipped="0" hostname="LAPTOP-J3NNQ1VU" name="com.testcase.FrameHandling" tests="1" failures="0" timestamp="08 Jun 2020 19:21:31 GMT" time="7.476" errors="0">
  <testcase name="login" time="7.476" classname="com.testcase.FrameHandling"/>
</testsuite> <!-- com.testcase.FrameHandling -->
