<?xml version="1.0" encoding="UTF-8"?>
<!-- Generated by org.testng.reporters.JUnitReportReporter -->
<testsuite skipped="0" hostname="LAPTOP-J3NNQ1VU" name="com.TestNG.NewTest" tests="2" failures="0" timestamp="07 Jun 2020 06:31:40 GMT" time="2.981" errors="0">
  <testcase name="enterbyid" time="1.794" classname="com.TestNG.NewTest"/>
  <testcase name="admin" time="1.187" classname="com.TestNG.NewTest"/>
</testsuite> <!-- com.TestNG.NewTest -->
