<?xml version="1.0" encoding="UTF-8"?>
<!-- Generated by org.testng.reporters.JUnitReportReporter -->
<testsuite skipped="0" hostname="LAPTOP-J3NNQ1VU" name="com.TestNG.DependsOnGroups" tests="3" failures="0" timestamp="07 Jun 2020 04:59:37 GMT" time="0.000" errors="0">
  <testcase name="search" time="0.000" classname="com.TestNG.DependsOnGroups"/>
  <testcase name="login" time="0.000" classname="com.TestNG.DependsOnGroups"/>
  <testcase name="logout" time="0.000" classname="com.TestNG.DependsOnGroups"/>
</testsuite> <!-- com.TestNG.DependsOnGroups -->
