<?xml version="1.0" encoding="UTF-8"?>
<!-- Generated by org.testng.reporters.JUnitReportReporter -->
<testsuite skipped="0" hostname="LAPTOP-J3NNQ1VU" name="com.TestNG.NewTest" tests="2" failures="0" timestamp="09 Jun 2020 01:22:38 GMT" time="4.256" errors="0">
  <testcase name="enterbyid" time="2.129" classname="com.TestNG.NewTest"/>
  <testcase name="admin" time="2.127" classname="com.TestNG.NewTest"/>
</testsuite> <!-- com.TestNG.NewTest -->
