<?xml version="1.0" encoding="UTF-8"?>
<!-- Generated by org.testng.reporters.JUnitReportReporter -->
<testsuite skipped="0" hostname="LAPTOP-J3NNQ1VU" name="com.TestNG.NewTest" tests="2" failures="0" timestamp="07 Jun 2020 03:35:50 GMT" time="3.219" errors="0">
  <testcase name="enterbyid" time="2.004" classname="com.TestNG.NewTest"/>
  <testcase name="admin" time="1.215" classname="com.TestNG.NewTest"/>
</testsuite> <!-- com.TestNG.NewTest -->
