<?xml version="1.0" encoding="UTF-8"?>
<!-- Generated by org.testng.reporters.JUnitReportReporter -->
<testsuite skipped="0" hostname="LAPTOP-J3NNQ1VU" name="com.TestNG.NewTest" tests="2" failures="0" timestamp="04 Jun 2020 16:42:10 GMT" time="3.612" errors="0">
  <testcase name="enterbyid" time="2.004" classname="com.TestNG.NewTest"/>
  <testcase name="admin" time="1.608" classname="com.TestNG.NewTest"/>
</testsuite> <!-- com.TestNG.NewTest -->
