<?xml version="1.0" encoding="UTF-8"?>
<!-- Generated by org.testng.reporters.JUnitReportReporter -->
<testsuite skipped="0" hostname="LAPTOP-J3NNQ1VU" name="com.testcase.DatePicker" tests="1" failures="0" timestamp="08 Jun 2020 17:55:06 GMT" time="8.475" errors="0">
  <testcase name="login" time="8.475" classname="com.testcase.DatePicker"/>
</testsuite> <!-- com.testcase.DatePicker -->
