<?xml version="1.0" encoding="UTF-8"?>
<!-- Generated by org.testng.reporters.JUnitReportReporter -->
<testsuite skipped="0" hostname="LAPTOP-J3NNQ1VU" name="com.TestNG.ParallelExecution1" tests="3" failures="0" timestamp="04 Jun 2020 05:33:53 GMT" time="0.012" errors="0">
  <testcase name="testcase6" time="0.001" classname="com.TestNG.ParallelExecution1"/>
  <testcase name="testcase4" time="0.007" classname="com.TestNG.ParallelExecution1"/>
  <testcase name="testcase5" time="0.004" classname="com.TestNG.ParallelExecution1"/>
</testsuite> <!-- com.TestNG.ParallelExecution1 -->
