<?xml version="1.0" encoding="UTF-8"?>
<!-- Generated by org.testng.reporters.JUnitReportReporter -->
<testsuite skipped="0" hostname="LAPTOP-J3NNQ1VU" name="com.TestNG.ParallelExecution" tests="3" failures="0" timestamp="08 Jun 2020 16:12:17 GMT" time="0.006" errors="0">
  <testcase name="testcase1" time="0.002" classname="com.TestNG.ParallelExecution"/>
  <testcase name="testcase2" time="0.002" classname="com.TestNG.ParallelExecution"/>
  <testcase name="testcase3" time="0.002" classname="com.TestNG.ParallelExecution"/>
</testsuite> <!-- com.TestNG.ParallelExecution -->
