<?xml version="1.0" encoding="UTF-8"?>
<!-- Generated by org.testng.reporters.JUnitReportReporter -->
<testsuite skipped="0" hostname="LAPTOP-J3NNQ1VU" name="com.testcase.KeyboardHandling" tests="1" failures="0" timestamp="08 Jun 2020 17:22:47 GMT" time="6.254" errors="0">
  <testcase name="login" time="6.254" classname="com.testcase.KeyboardHandling"/>
</testsuite> <!-- com.testcase.KeyboardHandling -->
