<?xml version="1.0" encoding="UTF-8"?>
<!-- Generated by org.testng.reporters.JUnitReportReporter -->
<testsuite skipped="0" hostname="LAPTOP-J3NNQ1VU" name="com.TestNG.NewTest" tests="2" failures="0" timestamp="09 Jun 2020 00:11:02 GMT" time="3.023" errors="0">
  <testcase name="enterbyid" time="1.841" classname="com.TestNG.NewTest"/>
  <testcase name="admin" time="1.182" classname="com.TestNG.NewTest"/>
</testsuite> <!-- com.TestNG.NewTest -->
