<?xml version="1.0" encoding="UTF-8"?>
<!-- Generated by org.testng.reporters.JUnitReportReporter -->
<testsuite skipped="0" hostname="LAPTOP-J3NNQ1VU" name="com.TestNG.ParallelExecution" tests="3" failures="0" timestamp="04 Jun 2020 05:33:53 GMT" time="0.006" errors="0">
  <testcase name="testcase3" time="0.001" classname="com.TestNG.ParallelExecution"/>
  <testcase name="testcase1" time="0.004" classname="com.TestNG.ParallelExecution"/>
  <testcase name="testcase2" time="0.001" classname="com.TestNG.ParallelExecution"/>
</testsuite> <!-- com.TestNG.ParallelExecution -->
