<?xml version="1.0" encoding="UTF-8"?>
<!-- Generated by org.testng.reporters.JUnitReportReporter -->
<testsuite skipped="0" hostname="LAPTOP-J3NNQ1VU" name="com.testcase.DatePicker" tests="1" failures="0" timestamp="12 Jun 2020 06:19:44 GMT" time="5.601" errors="0">
  <testcase name="login" time="5.601" classname="com.testcase.DatePicker"/>
</testsuite> <!-- com.testcase.DatePicker -->
