<?xml version="1.0" encoding="UTF-8"?>
<!-- Generated by org.testng.reporters.JUnitReportReporter -->
<testsuite skipped="0" hostname="LAPTOP-J3NNQ1VU" name="com.testcase.MouseHandling" tests="1" failures="0" timestamp="08 Jun 2020 17:03:37 GMT" time="9.334" errors="0">
  <testcase name="login" time="9.334" classname="com.testcase.MouseHandling"/>
</testsuite> <!-- com.testcase.MouseHandling -->
