<?xml version="1.0" encoding="UTF-8"?>
<!-- Generated by org.testng.reporters.JUnitReportReporter -->
<testsuite skipped="0" hostname="LAPTOP-J3NNQ1VU" name="com.TestNG.NewTest" tests="2" failures="0" timestamp="06 Jun 2020 19:50:53 GMT" time="4.186" errors="0">
  <testcase name="enterbyid" time="2.349" classname="com.TestNG.NewTest"/>
  <testcase name="admin" time="1.837" classname="com.TestNG.NewTest"/>
</testsuite> <!-- com.TestNG.NewTest -->
