<?xml version="1.0" encoding="UTF-8"?>
<!-- Generated by org.testng.reporters.JUnitReportReporter -->
<testsuite skipped="0" hostname="LAPTOP-J3NNQ1VU" name="com.testcase.ScrollDown" tests="1" failures="0" timestamp="08 Jun 2020 18:37:01 GMT" time="7.575" errors="0">
  <testcase name="login" time="7.575" classname="com.testcase.ScrollDown"/>
</testsuite> <!-- com.testcase.ScrollDown -->
