<?xml version="1.0" encoding="UTF-8"?>
<!-- Generated by org.testng.reporters.JUnitReportReporter -->
<testsuite skipped="0" hostname="LAPTOP-J3NNQ1VU" name="com.TestNG.NewTest" tests="2" failures="0" timestamp="07 Jun 2020 06:02:43 GMT" time="3.123" errors="0">
  <testcase name="enterbyid" time="1.458" classname="com.TestNG.NewTest"/>
  <testcase name="admin" time="1.665" classname="com.TestNG.NewTest"/>
</testsuite> <!-- com.TestNG.NewTest -->
