<?xml version="1.0" encoding="UTF-8"?>
<!-- Generated by org.testng.reporters.JUnitReportReporter -->
<testsuite skipped="0" hostname="LAPTOP-J3NNQ1VU" name="com.TestNG.ParallelExecution1" tests="3" failures="0" timestamp="07 Jun 2020 04:59:37 GMT" time="0.000" errors="0">
  <testcase name="testcase4" time="0.000" classname="com.TestNG.ParallelExecution1"/>
  <testcase name="testcase5" time="0.000" classname="com.TestNG.ParallelExecution1"/>
  <testcase name="testcase6" time="0.000" classname="com.TestNG.ParallelExecution1"/>
</testsuite> <!-- com.TestNG.ParallelExecution1 -->
