<?xml version="1.0" encoding="UTF-8"?>
<!-- Generated by org.testng.reporters.JUnitReportReporter -->
<testsuite skipped="0" hostname="LAPTOP-J3NNQ1VU" name="com.TestNG.DependsUponMethod" tests="3" failures="0" timestamp="09 Jun 2020 00:37:37 GMT" time="0.010" errors="0">
  <testcase name="search" time="0.004" classname="com.TestNG.DependsUponMethod"/>
  <testcase name="login" time="0.005" classname="com.TestNG.DependsUponMethod"/>
  <testcase name="logout" time="0.001" classname="com.TestNG.DependsUponMethod"/>
</testsuite> <!-- com.TestNG.DependsUponMethod -->
