<?xml version="1.0" encoding="UTF-8"?>
<!-- Generated by org.testng.reporters.JUnitReportReporter -->
<testsuite skipped="0" hostname="LAPTOP-J3NNQ1VU" name="com.testcase.MouseHandling" tests="1" failures="0" timestamp="09 Jun 2020 14:49:30 GMT" time="6.975" errors="0">
  <testcase name="login" time="6.975" classname="com.testcase.MouseHandling"/>
</testsuite> <!-- com.testcase.MouseHandling -->
