<?xml version="1.0" encoding="UTF-8"?>
<!-- Generated by org.testng.reporters.JUnitReportReporter -->
<testsuite skipped="0" hostname="LAPTOP-J3NNQ1VU" name="com.testcases.paramertizewithdataprovider" tests="3" failures="0" timestamp="11 Jun 2020 16:51:37 GMT" time="81.624" errors="0">
  <testcase name="loginToFacebook" time="31.762" classname="com.testcases.paramertizewithdataprovider"/>
  <testcase name="loginToFacebook" time="10.835" classname="com.testcases.paramertizewithdataprovider"/>
  <testcase name="loginToFacebook" time="39.027" classname="com.testcases.paramertizewithdataprovider"/>
</testsuite> <!-- com.testcases.paramertizewithdataprovider -->
