<?xml version="1.0" encoding="UTF-8"?>
<!-- Generated by org.testng.reporters.JUnitReportReporter -->
<testsuite skipped="0" hostname="LAPTOP-J3NNQ1VU" name="com.testcases.OHRMAssignLeave" tests="2" failures="0" timestamp="12 Jun 2020 16:24:29 GMT" time="13.954" errors="0">
  <testcase name="Login" time="6.831" classname="com.testcases.OHRMAssignLeave"/>
  <testcase name="AssignLeave" time="7.123" classname="com.testcases.OHRMAssignLeave"/>
</testsuite> <!-- com.testcases.OHRMAssignLeave -->
