<?xml version="1.0" encoding="UTF-8"?>
<!-- Generated by org.testng.reporters.JUnitReportReporter -->
<testsuite skipped="0" hostname="LAPTOP-J3NNQ1VU" name="com.testcases.OHRMAdmintestcase" tests="2" failures="0" timestamp="11 Jun 2020 19:24:00 GMT" time="11.469" errors="0">
  <testcase name="Login" time="6.561" classname="com.testcases.OHRMAdmintestcase"/>
  <testcase name="Admin" time="4.908" classname="com.testcases.OHRMAdmintestcase"/>
</testsuite> <!-- com.testcases.OHRMAdmintestcase -->
