<?xml version="1.0" encoding="UTF-8"?>
<!-- Generated by org.testng.reporters.JUnitReportReporter -->
<testsuite skipped="0" hostname="LAPTOP-J3NNQ1VU" name="com.testcases.OHRMLogintestcase" tests="1" failures="0" timestamp="12 Jun 2020 05:54:04 GMT" time="3.858" errors="0">
  <testcase name="Login" time="3.858" classname="com.testcases.OHRMLogintestcase"/>
</testsuite> <!-- com.testcases.OHRMLogintestcase -->
